0 info it worked if it ends with ok
1 verbose cli [ '/Users/sohaibnehal/.nvm/versions/node/v7.6.0/bin/node',
1 verbose cli   '/Users/sohaibnehal/.nvm/versions/node/v7.6.0/bin/npm',
1 verbose cli   'run',
1 verbose cli   'build' ]
2 info using npm@4.1.2
3 info using node@v7.6.0
4 verbose run-script [ 'prebuild', 'build', 'postbuild' ]
5 info lifecycle free-image-search@0.1.0~prebuild: free-image-search@0.1.0
6 silly lifecycle free-image-search@0.1.0~prebuild: no script for prebuild, continuing
7 info lifecycle free-image-search@0.1.0~build: free-image-search@0.1.0
8 verbose lifecycle free-image-search@0.1.0~build: unsafe-perm in lifecycle true
9 verbose lifecycle free-image-search@0.1.0~build: PATH: /Users/sohaibnehal/.nvm/versions/node/v7.6.0/lib/node_modules/npm/bin/node-gyp-bin:/Users/sohaibnehal/Workplace/Projects/free-image-search/client/node_modules/.bin:/Users/sohaibnehal/.nvm/versions/node/v7.6.0/bin:/Library/Frameworks/Python.framework/Versions/2.7/bin:/usr/local/bin:/usr/bin:/bin:/usr/sbin:/sbin
10 verbose lifecycle free-image-search@0.1.0~build: CWD: /Users/sohaibnehal/Workplace/Projects/free-image-search/client
11 silly lifecycle free-image-search@0.1.0~build: Args: [ '-c', 'react-scripts build' ]
12 silly lifecycle free-image-search@0.1.0~build: Returned: code: 1  signal: null
13 info lifecycle free-image-search@0.1.0~build: Failed to exec build script
14 verbose stack Error: free-image-search@0.1.0 build: `react-scripts build`
14 verbose stack Exit status 1
14 verbose stack     at EventEmitter.<anonymous> (/Users/sohaibnehal/.nvm/versions/node/v7.6.0/lib/node_modules/npm/lib/utils/lifecycle.js:279:16)
14 verbose stack     at emitTwo (events.js:106:13)
14 verbose stack     at EventEmitter.emit (events.js:192:7)
14 verbose stack     at ChildProcess.<anonymous> (/Users/sohaibnehal/.nvm/versions/node/v7.6.0/lib/node_modules/npm/lib/utils/spawn.js:40:14)
14 verbose stack     at emitTwo (events.js:106:13)
14 verbose stack     at ChildProcess.emit (events.js:192:7)
14 verbose stack     at maybeClose (internal/child_process.js:890:16)
14 verbose stack     at Process.ChildProcess._handle.onexit (internal/child_process.js:226:5)
15 verbose pkgid free-image-search@0.1.0
16 verbose cwd /Users/sohaibnehal/Workplace/Projects/free-image-search/client
17 error Darwin 15.3.0
18 error argv "/Users/sohaibnehal/.nvm/versions/node/v7.6.0/bin/node" "/Users/sohaibnehal/.nvm/versions/node/v7.6.0/bin/npm" "run" "build"
19 error node v7.6.0
20 error npm  v4.1.2
21 error code ELIFECYCLE
22 error free-image-search@0.1.0 build: `react-scripts build`
22 error Exit status 1
23 error Failed at the free-image-search@0.1.0 build script 'react-scripts build'.
23 error Make sure you have the latest version of node.js and npm installed.
23 error If you do, this is most likely a problem with the free-image-search package,
23 error not with npm itself.
23 error Tell the author that this fails on your system:
23 error     react-scripts build
23 error You can get information on how to open an issue for this project with:
23 error     npm bugs free-image-search
23 error Or if that isn't available, you can get their info via:
23 error     npm owner ls free-image-search
23 error There is likely additional logging output above.
24 verbose exit [ 1, true ]
